RAX = 0000000000000006 RBX = 000000F18A3CE160 RCX = 0000000000000054 RDX = 0000000000000000 RSI = 0000000000000054 RDI = 0000000000000000 R8  = 0000000000000000 R9  = 0000000000000000 R10 = 0000000000000004 R11 = 000000F18A3CBD80 R12 = 000000F18A3CE4D0 R13 = 000000F18A3CE630 R14 = 0000000000000000 R15 = 000002268C2B7380 RIP = 00007FFF0DCCD004 RSP = 000000F18A3CDF68 RBP = 000000F18A3CE0B0 EFL = 00000244

CS = 0033 DS = 002B ES = 002B SS = 002B FS = 0053 GS = 002B

MM0 = 0000000000000000 MM1 = 0000000000000000 MM2 = 0000000000000000 MM3 = 0000000000000000 MM4 = 0000000000000000 MM5 = 0000000000000000 MM6 = 0000000000000000 MM7 = 0000000000000000

YMM0 = 0000000000000000-0000000000000000-0000000000000000-0000000000000000
YMM1 = 0000000000000000-0000000000000000-0000022600000000-0000000000000000
YMM2 = 0000000000000000-0000000000000000-0000000000000000-0000000000000000
YMM3 = 0000000000000000-0000000000000000-0000000000000000-0000000000000000
YMM4 = 0000000000000000-0000000000000000-0000000000000000-0000000000000000
YMM5 = 0000000000000000-0000000000000000-0000000300000067-B662000000000005
YMM6 = 0000000000000000-0000000000000000-0000000000000000-0000000000000000
YMM7 = 0000000000000000-0000000000000000-0000000000000000-0000000000000000
YMM8 = 0000000000000000-0000000000000000-0000000000000000-0000000000000000
YMM9 = 0000000000000000-0000000000000000-0000000000000000-0000000000000000
YMM10 = 0000000000000000-0000000000000000-0000000000000000-0000000000000000
YMM11 = 0000000000000000-0000000000000000-0000000000000000-0000000000000000
YMM12 = 0000000000000000-0000000000000000-0000000000000000-0000000000000000
YMM13 = 0000000000000000-0000000000000000-0000000000000000-0000000000000000
YMM14 = 0000000000000000-0000000000000000-0000000000000000-0000000000000000
YMM15 = 0000000000000000-0000000000000000-0000000000000000-0000000000000000

ZMM0 = 0000000000000000-0000000000000000-0000000000000000-0000000000000000-0000000000000000-0000000000000000-0000000000000000-0000000000000000
ZMM1 = 0000000000000000-0000000000000000-0000000000000000-0000000000000000-0000000000000000-0000000000000000-0000022600000000-0000000000000000
ZMM2 = 0000000000000000-0000000000000000-0000000000000000-0000000000000000-0000000000000000-0000000000000000-0000000000000000-0000000000000000
ZMM3 = 0000000000000000-0000000000000000-0000000000000000-0000000000000000-0000000000000000-0000000000000000-0000000000000000-0000000000000000
ZMM4 = 0000000000000000-0000000000000000-0000000000000000-0000000000000000-0000000000000000-0000000000000000-0000000000000000-0000000000000000
ZMM5 = 0000000000000000-0000000000000000-0000000000000000-0000000000000000-0000000000000000-0000000000000000-0000000300000067-B662000000000005
ZMM6 = 0000000000000000-0000000000000000-0000000000000000-0000000000000000-0000000000000000-0000000000000000-0000000000000000-0000000000000000
ZMM7 = 0000000000000000-0000000000000000-0000000000000000-0000000000000000-0000000000000000-0000000000000000-0000000000000000-0000000000000000
ZMM8 = 0000000000000000-0000000000000000-0000000000000000-0000000000000000-0000000000000000-0000000000000000-0000000000000000-0000000000000000
ZMM9 = 0000000000000000-0000000000000000-0000000000000000-0000000000000000-0000000000000000-0000000000000000-0000000000000000-0000000000000000
ZMM10 = 0000000000000000-0000000000000000-0000000000000000-0000000000000000-0000000000000000-0000000000000000-0000000000000000-0000000000000000
ZMM11 = 0000000000000000-0000000000000000-0000000000000000-0000000000000000-0000000000000000-0000000000000000-0000000000000000-0000000000000000
ZMM12 = 0000000000000000-0000000000000000-0000000000000000-0000000000000000-0000000000000000-0000000000000000-0000000000000000-0000000000000000
ZMM13 = 0000000000000000-0000000000000000-0000000000000000-0000000000000000-0000000000000000-0000000000000000-0000000000000000-0000000000000000
ZMM14 = 0000000000000000-0000000000000000-0000000000000000-0000000000000000-0000000000000000-0000000000000000-0000000000000000-0000000000000000
ZMM15 = 0000000000000000-0000000000000000-0000000000000000-0000000000000000-0000000000000000-0000000000000000-0000000000000000-0000000000000000
ZMM16 = 0000000000000000-0000000000000000-0000000000000000-0000000000000000-0000000000000000-0000000000000000-0000000000000000-0000000000000000
ZMM17 = 0000000000000000-0000000000000000-0000000000000000-0000000000000000-0000000000000000-0000000000000000-0000000000000000-0000000000000000
ZMM18 = 0000000000000000-0000000000000000-0000000000000000-0000000000000000-0000000000000000-0000000000000000-0000000000000000-0000000000000000
ZMM19 = 0000000000000000-0000000000000000-0000000000000000-0000000000000000-0000000000000000-0000000000000000-0000000000000000-0000000000000000
ZMM20 = 0000000000000000-0000000000000000-0000000000000000-0000000000000000-0000000000000000-0000000000000000-0000000000000000-0000000000000000
ZMM21 = 0000000000000000-0000000000000000-0000000000000000-0000000000000000-0000000000000000-0000000000000000-0000000000000000-0000000000000000
ZMM22 = 0000000000000000-0000000000000000-0000000000000000-0000000000000000-0000000000000000-0000000000000000-0000000000000000-0000000000000000
ZMM23 = 0000000000000000-0000000000000000-0000000000000000-0000000000000000-0000000000000000-0000000000000000-0000000000000000-0000000000000000
ZMM24 = 0000000000000000-0000000000000000-0000000000000000-0000000000000000-0000000000000000-0000000000000000-0000000000000000-0000000000000000
ZMM25 = 0000000000000000-0000000000000000-0000000000000000-0000000000000000-0000000000000000-0000000000000000-0000000000000000-0000000000000000
ZMM26 = 0000000000000000-0000000000000000-0000000000000000-0000000000000000-0000000000000000-0000000000000000-0000000000000000-0000000000000000
ZMM27 = 0000000000000000-0000000000000000-0000000000000000-0000000000000000-0000000000000000-0000000000000000-0000000000000000-0000000000000000
ZMM28 = 0000000000000000-0000000000000000-0000000000000000-0000000000000000-0000000000000000-0000000000000000-0000000000000000-0000000000000000
ZMM29 = 0000000000000000-0000000000000000-0000000000000000-0000000000000000-0000000000000000-0000000000000000-0000000000000000-0000000000000000
ZMM30 = 0000000000000000-0000000000000000-0000000000000000-0000000000000000-0000000000000000-0000000000000000-0000000000000000-0000000000000000
ZMM31 = 0000000000000000-0000000000000000-0000000000000000-0000000000000000-0000000000000000-0000000000000000-0000000000000000-0000000000000000
K0 = 0000000000000000 K1 = 0000000000000000 K2 = 0000000000000000 K3 = 0000000000000000 K4 = 0000000000000000 K5 = 0000000000000000 K6 = 0000000000000000 K7 = 0000000000000000

BND0 = 0000000000000000-0000000000000000
BND1 = 0000000000000000-0000000000000000
BND2 = 0000000000000000-0000000000000000
BND3 = 0000000000000000-0000000000000000
BNDCFGU = 0000000000000000 BNDSTATUS = 0000000000000000

OV = 0 UP = 0 EI = 1 PL = 0 ZR = 1 AC = 0 PE = 1 CY = 0

